2010-01-28 15:25:18 Notice: Notice (1024): Please change the value of 'Security.salt' in app/config/core.php to a salt value specific to your application in [CORE/cake/libs/debugger.php, line 557]
2010-03-24 15:37:20 Notice: Notice (8): Undefined variable: logged_in in [APP/views/layouts/default.ctp, line 36]
2010-03-24 15:47:13 Notice: Notice (8): Undefined variable: logged_in in [APP/views/layouts/default.ctp, line 36]
2010-03-24 15:47:21 Notice: Notice (8): Undefined variable: logged_in in [APP/views/layouts/default.ctp, line 36]
2010-03-24 15:47:32 Notice: Notice (8): Undefined variable: logged_in in [APP/views/layouts/default.ctp, line 36]
2010-03-24 15:47:36 Notice: Notice (8): Undefined variable: logged_in in [APP/views/layouts/default.ctp, line 36]
2010-03-24 15:47:48 Notice: Notice (8): Undefined variable: logged_in in [APP/views/layouts/default.ctp, line 36]
2010-03-24 15:47:50 Notice: Notice (8): Undefined variable: logged_in in [APP/views/layouts/default.ctp, line 36]
2010-03-24 15:47:52 Notice: Notice (8): Undefined variable: logged_in in [APP/views/layouts/default.ctp, line 36]
2010-03-24 15:48:21 Notice: Notice (8): Undefined variable: logged_in in [APP/views/layouts/default.ctp, line 36]
2010-03-24 15:48:27 Notice: Notice (8): Undefined variable: logged_in in [APP/views/layouts/default.ctp, line 36]
2010-03-24 15:49:44 Notice: Notice (8): Undefined variable: logged_in in [APP/views/layouts/default.ctp, line 36]
2010-03-24 15:50:08 Notice: Notice (8): Undefined variable: logged_in in [APP/views/layouts/default.ctp, line 36]
2010-03-24 15:52:49 Notice: Notice (8): Undefined variable: logged_in in [APP/views/layouts/default.ctp, line 36]
2010-03-24 15:53:03 Notice: Notice (8): Undefined variable: logged_in in [APP/views/layouts/default.ctp, line 36]
2010-03-24 15:53:20 Notice: Notice (8): Undefined variable: logged_in in [APP/views/layouts/default.ctp, line 36]
2010-03-24 15:53:58 Notice: Notice (8): Undefined variable: logged_in in [APP/views/layouts/default.ctp, line 36]
2010-03-24 15:54:02 Notice: Notice (8): Undefined variable: logged_in in [APP/views/layouts/default.ctp, line 36]
2010-03-24 15:59:19 Notice: Notice (8): Undefined variable: logged_in in [APP/views/layouts/default.ctp, line 36]
2010-03-24 15:59:39 Notice: Notice (8): Undefined variable: logged_in in [APP/views/layouts/default.ctp, line 36]
2010-03-24 16:00:36 Notice: Notice (8): Undefined variable: logged_in in [APP/views/layouts/default.ctp, line 36]
2010-03-24 16:00:44 Notice: Notice (8): Undefined variable: logged_in in [APP/views/layouts/default.ctp, line 36]
2010-03-24 16:00:49 Notice: Notice (8): Undefined variable: logged_in in [APP/views/layouts/default.ctp, line 36]
2010-03-24 16:00:58 Notice: Notice (8): Undefined variable: logged_in in [APP/views/layouts/default.ctp, line 36]
2010-03-24 16:18:46 Notice: Notice (8): Undefined variable: logged_in in [APP/views/layouts/default.ctp, line 36]
2010-03-24 16:18:53 Notice: Notice (8): Undefined variable: logged_in in [APP/views/layouts/default.ctp, line 36]
2010-03-24 16:19:00 Notice: Notice (8): Undefined variable: logged_in in [APP/views/layouts/default.ctp, line 36]
2010-03-28 23:34:03 Notice: Notice (8): Undefined variable: logged_in in [APP/views/layouts/default.ctp, line 36]
2010-03-28 23:34:08 Notice: Notice (8): Undefined variable: logged_in in [APP/views/layouts/default.ctp, line 36]
2010-03-28 23:34:13 Notice: Notice (8): Undefined variable: logged_in in [APP/views/layouts/default.ctp, line 36]
2010-03-28 23:34:16 Notice: Notice (8): Undefined variable: logged_in in [APP/views/layouts/default.ctp, line 36]
2010-03-28 23:34:19 Notice: Notice (8): Undefined variable: logged_in in [APP/views/layouts/default.ctp, line 36]
2010-03-28 23:35:03 Notice: Notice (8): Undefined variable: logged_in in [APP/views/layouts/default.ctp, line 36]
2010-03-29 09:33:13 Notice: Notice (8): Undefined variable: logged_in in [APP/views/layouts/default.ctp, line 36]
2010-03-29 09:33:16 Notice: Notice (8): Undefined variable: logged_in in [APP/views/layouts/default.ctp, line 36]
2010-03-29 09:33:20 Notice: Notice (8): Undefined variable: logged_in in [APP/views/layouts/default.ctp, line 36]
2010-03-29 09:33:28 Notice: Notice (8): Undefined variable: logged_in in [APP/views/layouts/default.ctp, line 36]
2010-03-29 09:33:40 Notice: Notice (8): Undefined variable: logged_in in [APP/views/layouts/default.ctp, line 36]
2010-03-29 10:05:48 Notice: Notice (8): Undefined variable: logged_in in [APP/views/layouts/default.ctp, line 36]
2010-03-29 10:05:52 Notice: Notice (8): Undefined variable: logged_in in [APP/views/layouts/default.ctp, line 36]
2010-03-29 10:05:54 Notice: Notice (8): Undefined variable: logged_in in [APP/views/layouts/default.ctp, line 36]
2010-03-29 11:36:51 Notice: Notice (8): Undefined variable: logged_in in [APP/views/layouts/default.ctp, line 36]
2010-03-29 12:08:04 Notice: Notice (8): Undefined variable: logged_in in [APP/views/layouts/default.ctp, line 36]
2010-03-29 12:08:57 Notice: Notice (8): Undefined variable: logged_in in [APP/views/layouts/default.ctp, line 36]
2010-04-05 10:30:23 Notice: Notice (8): Undefined index:  fri in [APP/views/deals/view.ctp, line 83]
2010-04-05 10:30:23 Notice: Notice (8): Undefined variable: logged_in in [APP/views/layouts/default.ctp, line 37]
2010-04-05 10:30:30 Notice: Notice (8): Undefined variable: logged_in in [APP/views/layouts/default.ctp, line 37]
2010-04-05 10:30:34 Notice: Notice (8): Undefined variable: logged_in in [APP/views/layouts/default.ctp, line 37]
2010-04-05 10:33:32 Notice: Notice (8): Undefined variable: logged_in in [APP/views/layouts/default.ctp, line 37]
2010-04-05 10:33:43 Notice: Notice (8): Undefined variable: logged_in in [APP/views/layouts/default.ctp, line 37]
2010-04-05 10:35:10 Notice: Notice (8): Undefined variable: logged_in in [APP/views/layouts/default.ctp, line 37]
2010-04-05 10:40:32 Notice: Notice (8): Undefined variable: logged_in in [APP/views/layouts/default.ctp, line 37]
2010-04-05 10:41:04 Notice: Notice (8): Undefined variable: logged_in in [APP/views/layouts/default.ctp, line 37]
2010-04-05 10:41:10 Notice: Notice (8): Undefined variable: logged_in in [APP/views/layouts/default.ctp, line 37]
2010-04-05 10:43:45 Notice: Notice (8): Undefined variable: logged_in in [APP/views/layouts/default.ctp, line 37]
2010-04-05 10:43:49 Notice: Notice (8): Undefined variable: logged_in in [APP/views/layouts/default.ctp, line 37]
2010-04-05 10:44:02 Notice: Notice (8): Undefined variable: logged_in in [APP/views/layouts/default.ctp, line 37]
2010-04-05 10:44:07 Notice: Notice (8): Undefined variable: logged_in in [APP/views/layouts/default.ctp, line 37]
2010-04-05 10:44:14 Notice: Notice (8): Undefined variable: logged_in in [APP/views/layouts/default.ctp, line 37]
2010-04-06 05:04:47 Notice: Notice (8): Undefined variable: logged_in in [APP/views/layouts/default.ctp, line 37]
2010-04-06 05:04:58 Notice: Notice (8): Undefined variable: logged_in in [APP/views/layouts/default.ctp, line 37]
2010-04-06 05:11:06 Notice: Notice (8): Undefined variable: logged_in in [APP/views/layouts/default.ctp, line 37]
2010-04-06 06:56:42 Notice: Notice (8): Undefined variable: logged_in in [APP/views/layouts/default.ctp, line 37]
2010-04-06 06:57:04 Notice: Notice (8): Undefined variable: logged_in in [APP/views/layouts/default.ctp, line 37]
2010-04-06 07:30:09 Notice: Notice (8): Undefined variable: logged_in in [APP/views/layouts/default.ctp, line 37]
2010-04-06 07:30:11 Notice: Notice (8): Undefined variable: logged_in in [APP/views/layouts/default.ctp, line 37]
2010-04-06 07:56:01 Notice: Notice (8): Undefined variable: logged_in in [APP/views/layouts/default.ctp, line 37]
2010-04-06 08:41:13 Notice: Notice (8): Undefined variable: logged_in in [APP/views/layouts/default.ctp, line 37]
2010-04-06 08:41:28 Notice: Notice (8): Undefined variable: logged_in in [APP/views/layouts/default.ctp, line 37]
2010-04-06 08:41:34 Notice: Notice (8): Undefined variable: logged_in in [APP/views/layouts/default.ctp, line 37]
2010-04-06 09:14:58 Notice: Notice (8): Undefined variable: logged_in in [APP/views/layouts/default.ctp, line 37]
2010-04-06 09:36:30 Notice: Notice (8): Undefined variable: logged_in in [APP/views/layouts/default.ctp, line 37]
2010-04-06 09:37:02 Notice: Notice (8): Undefined variable: logged_in in [APP/views/layouts/default.ctp, line 37]
2010-04-06 09:43:38 Notice: Notice (8): Undefined variable: logged_in in [APP/views/layouts/default.ctp, line 37]
2010-04-06 09:43:50 Notice: Notice (8): Undefined variable: logged_in in [APP/views/layouts/default.ctp, line 37]
2010-04-06 09:43:57 Notice: Notice (8): Undefined variable: logged_in in [APP/views/layouts/default.ctp, line 37]
2010-04-06 09:45:06 Notice: Notice (8): Undefined variable: logged_in in [APP/views/layouts/default.ctp, line 37]
2010-04-06 09:45:45 Notice: Notice (8): Undefined variable: logged_in in [APP/views/layouts/default.ctp, line 37]
2010-04-06 09:59:57 Notice: Notice (8): Undefined variable: logged_in in [APP/views/layouts/default.ctp, line 37]
2010-04-06 10:25:52 Notice: Notice (8): Undefined variable: logged_in in [APP/views/layouts/default.ctp, line 39]
2010-04-09 15:42:07 Notice: Notice (8): Undefined variable: logged_in in [APP/views/layouts/default.ctp, line 39]
2010-04-09 15:42:12 Notice: Notice (8): Undefined variable: logged_in in [APP/views/layouts/default.ctp, line 39]
2010-04-09 15:42:48 Notice: Notice (8): Use of undefined constant AN_LOGINNAME - assumed 'AN_LOGINNAME' in [APP/controllers/businesses_controller.php, line 58]
2010-04-09 15:42:48 Notice: Notice (8): Use of undefined constant AN_TRANSACTIONKEY - assumed 'AN_TRANSACTIONKEY' in [APP/controllers/businesses_controller.php, line 58]
2010-04-09 15:42:48 Notice: Notice (8): Use of undefined constant AN_HOST - assumed 'AN_HOST' in [APP/controllers/businesses_controller.php, line 59]
2010-04-09 15:42:48 Notice: Notice (8): Use of undefined constant AN_PATH - assumed 'AN_PATH' in [APP/controllers/businesses_controller.php, line 59]
2010-04-12 22:45:36 Notice: Notice (8): Undefined variable: general_count in [APP/views/layouts/default.ctp, line 159]
2010-04-12 22:45:36 Notice: Notice (8): Undefined variable: flash_count in [APP/views/layouts/default.ctp, line 159]
2010-04-12 22:45:36 Notice: Notice (8): Undefined variable: logged_in in [APP/views/layouts/default.ctp, line 192]
2010-04-12 23:29:19 Notice: Notice (8): Undefined variable: general_count in [APP/views/layouts/default.ctp, line 159]
2010-04-12 23:29:19 Notice: Notice (8): Undefined variable: flash_count in [APP/views/layouts/default.ctp, line 159]
2010-04-12 23:29:32 Notice: Notice (8): Undefined variable: general_count in [APP/views/layouts/default.ctp, line 159]
2010-04-12 23:29:32 Notice: Notice (8): Undefined variable: flash_count in [APP/views/layouts/default.ctp, line 159]
2010-04-12 23:29:32 Notice: Notice (8): Undefined variable: logged_in in [APP/views/layouts/default.ctp, line 192]
2010-04-12 23:29:38 Notice: Notice (8): Undefined variable: general_count in [APP/views/layouts/default.ctp, line 159]
2010-04-12 23:29:38 Notice: Notice (8): Undefined variable: flash_count in [APP/views/layouts/default.ctp, line 159]
2010-04-12 23:29:38 Notice: Notice (8): Undefined variable: logged_in in [APP/views/layouts/default.ctp, line 192]
2010-04-12 23:29:45 Notice: Notice (8): Undefined variable: general_count in [APP/views/layouts/default.ctp, line 159]
2010-04-12 23:29:45 Notice: Notice (8): Undefined variable: flash_count in [APP/views/layouts/default.ctp, line 159]
2010-04-12 23:29:45 Notice: Notice (8): Undefined variable: logged_in in [APP/views/layouts/default.ctp, line 192]
2010-04-12 23:29:53 Notice: Notice (8): Undefined variable: general_count in [APP/views/layouts/default.ctp, line 159]
2010-04-12 23:29:53 Notice: Notice (8): Undefined variable: flash_count in [APP/views/layouts/default.ctp, line 159]
2010-04-12 23:29:53 Notice: Notice (8): Undefined variable: logged_in in [APP/views/layouts/default.ctp, line 192]
2010-06-02 15:40:54 Notice: Notice (8): Undefined variable: general_count in [APP/views/layouts/default.ctp, line 159]
2010-06-02 15:40:54 Notice: Notice (8): Undefined variable: flash_count in [APP/views/layouts/default.ctp, line 159]
