2010-03-18 14:55:34 Warning: Warning (512): <span style = "color:Red;text-align:left"><b>SQL Error:</b> 1064: You have an error in your SQL syntax; check the manual that corresponds to your MySQL server version for the right syntax to use near 'geocode' at line 1</span> in [CORE/cake/libs/model/datasources/dbo_source.php, line 525]
2010-03-18 14:55:34 Warning: Warning (2): Cannot modify header information - headers already sent by (output started at /home/dealduck/public_html/staging/cake/basics.php:109) in [CORE/cake/libs/controller/controller.php, line 644]
2010-04-06 06:57:26 Warning: Warning (2): array_reverse() [<a href='http://php.net/function.array-reverse'>function.array-reverse</a>]: The argument should be an array in [APP/models/behaviors/geocoded.php, line 94]
2010-04-06 06:57:26 Warning: Warning (512): <span style = "color:Red;text-align:left"><b>SQL Error:</b> 1064: You have an error in your SQL syntax; check the manual that corresponds to your MySQL server version for the right syntax to use near '* PI() / 180) * SIN(latitude * PI() / 180) + COS( * PI() / 180) * COS(latitude *' at line 1</span> in [CORE/cake/libs/model/datasources/dbo_source.php, line 525]
2010-04-06 06:57:26 Warning: Warning (2): Invalid argument supplied for foreach() in [APP/views/elements/widget_listings.ctp, line 180]
2010-04-06 06:57:26 Warning: Warning (2): Invalid argument supplied for foreach() in [APP/views/elements/widget_listings.ctp, line 205]
2010-04-06 08:56:56 Warning: Warning (2): array_reverse() [<a href='http://php.net/function.array-reverse'>function.array-reverse</a>]: The argument should be an array in [APP/models/behaviors/geocoded.php, line 94]
2010-04-06 08:56:56 Warning: Warning (512): <span style = "color:Red;text-align:left"><b>SQL Error:</b> 1064: You have an error in your SQL syntax; check the manual that corresponds to your MySQL server version for the right syntax to use near '* PI() / 180) * SIN(latitude * PI() / 180) + COS( * PI() / 180) * COS(latitude *' at line 1</span> in [CORE/cake/libs/model/datasources/dbo_source.php, line 525]
2010-04-06 08:56:56 Warning: Warning (2): Invalid argument supplied for foreach() in [APP/views/elements/widget_listings.ctp, line 180]
2010-04-06 08:56:56 Warning: Warning (2): Invalid argument supplied for foreach() in [APP/views/elements/widget_listings.ctp, line 205]
2010-04-06 08:57:04 Warning: Warning (2): array_reverse() [<a href='http://php.net/function.array-reverse'>function.array-reverse</a>]: The argument should be an array in [APP/models/behaviors/geocoded.php, line 94]
2010-04-06 08:57:04 Warning: Warning (512): <span style = "color:Red;text-align:left"><b>SQL Error:</b> 1064: You have an error in your SQL syntax; check the manual that corresponds to your MySQL server version for the right syntax to use near '* PI() / 180) * SIN(latitude * PI() / 180) + COS( * PI() / 180) * COS(latitude *' at line 1</span> in [CORE/cake/libs/model/datasources/dbo_source.php, line 525]
2010-04-06 08:57:04 Warning: Warning (2): Invalid argument supplied for foreach() in [APP/views/elements/widget_listings.ctp, line 180]
2010-04-06 08:57:04 Warning: Warning (2): Invalid argument supplied for foreach() in [APP/views/elements/widget_listings.ctp, line 205]
2010-04-06 10:00:13 Warning: Warning (2): array_reverse() [<a href='http://php.net/function.array-reverse'>function.array-reverse</a>]: The argument should be an array in [APP/models/behaviors/geocoded.php, line 94]
2010-04-06 10:00:13 Warning: Warning (512): <span style = "color:Red;text-align:left"><b>SQL Error:</b> 1064: You have an error in your SQL syntax; check the manual that corresponds to your MySQL server version for the right syntax to use near '* PI() / 180) * SIN(latitude * PI() / 180) + COS( * PI() / 180) * COS(latitude *' at line 1</span> in [CORE/cake/libs/model/datasources/dbo_source.php, line 525]
2010-04-06 10:00:13 Warning: Warning (2): Invalid argument supplied for foreach() in [APP/views/elements/widget_listings.ctp, line 180]
2010-04-06 10:00:13 Warning: Warning (2): Invalid argument supplied for foreach() in [APP/views/elements/widget_listings.ctp, line 205]
2010-04-06 10:00:17 Warning: Warning (2): array_reverse() [<a href='http://php.net/function.array-reverse'>function.array-reverse</a>]: The argument should be an array in [APP/models/behaviors/geocoded.php, line 94]
2010-04-06 10:00:17 Warning: Warning (512): <span style = "color:Red;text-align:left"><b>SQL Error:</b> 1064: You have an error in your SQL syntax; check the manual that corresponds to your MySQL server version for the right syntax to use near '* PI() / 180) * SIN(latitude * PI() / 180) + COS( * PI() / 180) * COS(latitude *' at line 1</span> in [CORE/cake/libs/model/datasources/dbo_source.php, line 525]
2010-04-06 10:00:17 Warning: Warning (2): Invalid argument supplied for foreach() in [APP/views/elements/widget_listings.ctp, line 180]
2010-04-06 10:00:17 Warning: Warning (2): Invalid argument supplied for foreach() in [APP/views/elements/widget_listings.ctp, line 205]
2010-04-06 10:00:20 Warning: Warning (2): array_reverse() [<a href='http://php.net/function.array-reverse'>function.array-reverse</a>]: The argument should be an array in [APP/models/behaviors/geocoded.php, line 94]
2010-04-06 10:00:20 Warning: Warning (512): <span style = "color:Red;text-align:left"><b>SQL Error:</b> 1064: You have an error in your SQL syntax; check the manual that corresponds to your MySQL server version for the right syntax to use near '* PI() / 180) * SIN(latitude * PI() / 180) + COS( * PI() / 180) * COS(latitude *' at line 1</span> in [CORE/cake/libs/model/datasources/dbo_source.php, line 525]
2010-04-06 10:00:20 Warning: Warning (2): Invalid argument supplied for foreach() in [APP/views/elements/widget_listings.ctp, line 180]
2010-04-06 10:00:20 Warning: Warning (2): Invalid argument supplied for foreach() in [APP/views/elements/widget_listings.ctp, line 205]
2010-04-06 10:18:28 Warning: Warning (2): array_reverse() [<a href='http://php.net/function.array-reverse'>function.array-reverse</a>]: The argument should be an array in [APP/models/behaviors/geocoded.php, line 94]
2010-04-06 10:18:28 Warning: Warning (512): <span style = "color:Red;text-align:left"><b>SQL Error:</b> 1064: You have an error in your SQL syntax; check the manual that corresponds to your MySQL server version for the right syntax to use near '* PI() / 180) * SIN(latitude * PI() / 180) + COS( * PI() / 180) * COS(latitude *' at line 1</span> in [CORE/cake/libs/model/datasources/dbo_source.php, line 525]
2010-04-06 10:18:28 Warning: Warning (2): Invalid argument supplied for foreach() in [APP/views/elements/widget_listings.ctp, line 180]
2010-04-06 10:18:28 Warning: Warning (2): Invalid argument supplied for foreach() in [APP/views/elements/widget_listings.ctp, line 205]
2010-04-09 15:42:48 Warning: Warning (2): Cannot modify header information - headers already sent by (output started at /home/dealduck/public_html/cake/basics.php:109) in [CORE/cake/libs/controller/controller.php, line 644]
